Determining if the pthread_create exist failed with the following output:
Change Dir: /home/arg/asv_ros/catkin_ws/build/CMakeFiles/CMakeTmp

Run Build Command:"/usr/bin/make" "cmTC_1956e/fast"
/usr/bin/make -f CMakeFiles/cmTC_1956e.dir/build.make CMakeFiles/cmTC_1956e.dir/build
make[1]: Entering directory '/home/arg/asv_ros/catkin_ws/build/CMakeFiles/CMakeTmp'
Building C object CMakeFiles/cmTC_1956e.dir/CheckSymbolExists.c.o
/usr/bin/cc    -o CMakeFiles/cmTC_1956e.dir/CheckSymbolExists.c.o   -c /home/arg/asv_ros/catkin_ws/build/CMakeFiles/CMakeTmp/CheckSymbolExists.c
Linking C executable cmTC_1956e
/usr/bin/cmake -E cmake_link_script CMakeFiles/cmTC_1956e.dir/link.txt --verbose=1
/usr/bin/cc      -rdynamic CMakeFiles/cmTC_1956e.dir/CheckSymbolExists.c.o  -o cmTC_1956e 
CMakeFiles/cmTC_1956e.dir/CheckSymbolExists.c.o: In function `main':
CheckSymbolExists.c:(.text+0x1b): undefined reference to `pthread_create'
collect2: error: ld returned 1 exit status
CMakeFiles/cmTC_1956e.dir/build.make:97: recipe for target 'cmTC_1956e' failed
make[1]: *** [cmTC_1956e] Error 1
make[1]: Leaving directory '/home/arg/asv_ros/catkin_ws/build/CMakeFiles/CMakeTmp'
Makefile:126: recipe for target 'cmTC_1956e/fast' failed
make: *** [cmTC_1956e/fast] Error 2

File /home/arg/asv_ros/catkin_ws/build/CMakeFiles/CMakeTmp/CheckSymbolExists.c:
/* */
#include <pthread.h>

int main(int argc, char** argv)
{
  (void)argv;
#ifndef pthread_create
  return ((int*)(&pthread_create))[argc];
#else
  (void)argc;
  return 0;
#endif
}

Determining if the function pthread_create exists in the pthreads failed with the following output:
Change Dir: /home/arg/asv_ros/catkin_ws/build/CMakeFiles/CMakeTmp

Run Build Command:"/usr/bin/make" "cmTC_658e9/fast"
/usr/bin/make -f CMakeFiles/cmTC_658e9.dir/build.make CMakeFiles/cmTC_658e9.dir/build
make[1]: Entering directory '/home/arg/asv_ros/catkin_ws/build/CMakeFiles/CMakeTmp'
Building C object CMakeFiles/cmTC_658e9.dir/CheckFunctionExists.c.o
/usr/bin/cc   -DCHECK_FUNCTION_EXISTS=pthread_create   -o CMakeFiles/cmTC_658e9.dir/CheckFunctionExists.c.o   -c /usr/share/cmake-3.10/Modules/CheckFunctionExists.c
Linking C executable cmTC_658e9
/usr/bin/cmake -E cmake_link_script CMakeFiles/cmTC_658e9.dir/link.txt --verbose=1
/usr/bin/cc  -DCHECK_FUNCTION_EXISTS=pthread_create    -rdynamic CMakeFiles/cmTC_658e9.dir/CheckFunctionExists.c.o  -o cmTC_658e9 -lpthreads 
/usr/bin/ld: cannot find -lpthreads
collect2: error: ld returned 1 exit status
CMakeFiles/cmTC_658e9.dir/build.make:97: recipe for target 'cmTC_658e9' failed
make[1]: *** [cmTC_658e9] Error 1
make[1]: Leaving directory '/home/arg/asv_ros/catkin_ws/build/CMakeFiles/CMakeTmp'
Makefile:126: recipe for target 'cmTC_658e9/fast' failed
make: *** [cmTC_658e9/fast] Error 2


